# JRE version: Java(TM) SE Runtime Environment (17.0.12+8) (build 17.0.12+8-LTS-286)
# Java VM: Java HotSpot(TM) 64-Bit Server VM (17.0.12+8-LTS-286, mixed mode, sharing, tiered, compressed oops, compressed class ptrs, g1 gc, windows-amd64)
GC Precious Log:
 CPUs: 12 total, 12 available
 Memory: 7525M
 Large Page Support: Disabled
 NUMA Support: Disabled
 Compressed Oops: Enabled (32-bit)
 Heap Region Size: 1M
 Heap Min Capacity: 8M
 Heap Initial Capacity: 118M
 Heap Max Capacity: 1882M
 Pre-touch: Disabled
 Parallel Workers: 10
 Concurrent Workers: 3
 Concurrent Refinement Workers: 10
 Periodic GC: Disabled
Heap:
 garbage-first heap   total 289792K, used 242615K [0x000000008a600000, 0x0000000100000000)
  region size 1024K, 100 young (102400K), 1 survivors (1024K)
 Metaspace       used 12494K, committed 12672K, reserved 1114112K
  class space    used 1313K, committed 1408K, reserved 1048576K
GC Heap History (18 events):
Event: 0.993 GC heap before
{Heap before GC invocations=0 (full 0):
 garbage-first heap   total 120832K, used 40960K [0x000000008a600000, 0x0000000100000000)
  region size 1024K, 23 young (23552K), 0 survivors (0K)
 Metaspace       used 4774K, committed 5056K, reserved 1114112K
  class space    used 500K, committed 640K, reserved 1048576K
}
Event: 0.999 GC heap after
{Heap after GC invocations=1 (full 0):
 garbage-first heap   total 120832K, used 19935K [0x000000008a600000, 0x0000000100000000)
  region size 1024K, 3 young (3072K), 3 survivors (3072K)
 Metaspace       used 4774K, committed 5056K, reserved 1114112K
  class space    used 500K, committed 640K, reserved 1048576K
}
Event: 1.967 GC heap before
{Heap before GC invocations=1 (full 0):
 garbage-first heap   total 120832K, used 78303K [0x000000008a600000, 0x0000000100000000)
  region size 1024K, 35 young (35840K), 3 survivors (3072K)
 Metaspace       used 8452K, committed 8640K, reserved 1114112K
  class space    used 932K, committed 1024K, reserved 1048576K
}
Event: 1.972 GC heap after
{Heap after GC invocations=2 (full 0):
 garbage-first heap   total 120832K, used 47177K [0x000000008a600000, 0x0000000100000000)
  region size 1024K, 4 young (4096K), 4 survivors (4096K)
 Metaspace       used 8452K, committed 8640K, reserved 1114112K
  class space    used 932K, committed 1024K, reserved 1048576K
}
Event: 2.110 GC heap before
{Heap before GC invocations=2 (full 0):
 garbage-first heap   total 120832K, used 73801K [0x000000008a600000, 0x0000000100000000)
  region size 1024K, 18 young (18432K), 4 survivors (4096K)
 Metaspace       used 8460K, committed 8704K, reserved 1114112K
  class space    used 932K, committed 1024K, reserved 1048576K
}
Event: 2.115 GC heap after
{Heap after GC invocations=3 (full 0):
 garbage-first heap   total 120832K, used 60416K [0x000000008a600000, 0x0000000100000000)
  region size 1024K, 3 young (3072K), 3 survivors (3072K)
 Metaspace       used 8460K, committed 8704K, reserved 1114112K
  class space    used 932K, committed 1024K, reserved 1048576K
}
Event: 2.334 GC heap before
{Heap before GC invocations=4 (full 0):
 garbage-first heap   total 122880K, used 87040K [0x000000008a600000, 0x0000000100000000)
  region size 1024K, 17 young (17408K), 3 survivors (3072K)
 Metaspace       used 8460K, committed 8704K, reserved 1114112K
  class space    used 932K, committed 1024K, reserved 1048576K
}
Event: 2.339 GC heap after
{Heap after GC invocations=5 (full 0):
 garbage-first heap   total 122880K, used 73844K [0x000000008a600000, 0x0000000100000000)
  region size 1024K, 1 young (1024K), 1 survivors (1024K)
 Metaspace       used 8460K, committed 8704K, reserved 1114112K
  class space    used 932K, committed 1024K, reserved 1048576K
}
Event: 2.448 GC heap before
{Heap before GC invocations=6 (full 0):
 garbage-first heap   total 147456K, used 100468K [0x000000008a600000, 0x0000000100000000)
  region size 1024K, 15 young (15360K), 1 survivors (1024K)
 Metaspace       used 8460K, committed 8704K, reserved 1114112K
  class space    used 932K, committed 1024K, reserved 1048576K
}
Event: 2.451 GC heap after
{Heap after GC invocations=7 (full 0):
 garbage-first heap   total 147456K, used 87022K [0x000000008a600000, 0x0000000100000000)
  region size 1024K, 1 young (1024K), 1 survivors (1024K)
 Metaspace       used 8460K, committed 8704K, reserved 1114112K
  class space    used 932K, committed 1024K, reserved 1048576K
}
Event: 2.475 GC heap before
{Heap before GC invocations=8 (full 0):
 garbage-first heap   total 152576K, used 90094K [0x000000008a600000, 0x0000000100000000)
  region size 1024K, 3 young (3072K), 1 survivors (1024K)
 Metaspace       used 8460K, committed 8704K, reserved 1114112K
  class space    used 932K, committed 1024K, reserved 1048576K
}
Event: 2.477 GC heap after
{Heap after GC invocations=9 (full 0):
 garbage-first heap   total 152576K, used 89012K [0x000000008a600000, 0x0000000100000000)
  region size 1024K, 1 young (1024K), 1 survivors (1024K)
 Metaspace       used 8460K, committed 8704K, reserved 1114112K
  class space    used 932K, committed 1024K, reserved 1048576K
}
Event: 2.598 GC heap before
{Heap before GC invocations=10 (full 0):
 garbage-first heap   total 174080K, used 115636K [0x000000008a600000, 0x0000000100000000)
  region size 1024K, 15 young (15360K), 1 survivors (1024K)
 Metaspace       used 8460K, committed 8704K, reserved 1114112K
  class space    used 932K, committed 1024K, reserved 1048576K
}
Event: 2.600 GC heap after
{Heap after GC invocations=11 (full 0):
 garbage-first heap   total 174080K, used 102299K [0x000000008a600000, 0x0000000100000000)
  region size 1024K, 1 young (1024K), 1 survivors (1024K)
 Metaspace       used 8460K, committed 8704K, reserved 1114112K
  class space    used 932K, committed 1024K, reserved 1048576K
}
Event: 2.703 GC heap before
{Heap before GC invocations=12 (full 0):
 garbage-first heap   total 196608K, used 128923K [0x000000008a600000, 0x0000000100000000)
  region size 1024K, 15 young (15360K), 1 survivors (1024K)
 Metaspace       used 8460K, committed 8704K, reserved 1114112K
  class space    used 932K, committed 1024K, reserved 1048576K
}
Event: 2.707 GC heap after
{Heap after GC invocations=13 (full 0):
 garbage-first heap   total 289792K, used 115654K [0x000000008a600000, 0x0000000100000000)
  region size 1024K, 1 young (1024K), 1 survivors (1024K)
 Metaspace       used 8460K, committed 8704K, reserved 1114112K
  class space    used 932K, committed 1024K, reserved 1048576K
}
Event: 2.811 GC heap before
{Heap before GC invocations=13 (full 0):
 garbage-first heap   total 289792K, used 142278K [0x000000008a600000, 0x0000000100000000)
  region size 1024K, 15 young (15360K), 1 survivors (1024K)
 Metaspace       used 8460K, committed 8704K, reserved 1114112K
  class space    used 932K, committed 1024K, reserved 1048576K
}
Event: 2.814 GC heap after
{Heap after GC invocations=14 (full 0):
 garbage-first heap   total 289792K, used 128951K [0x000000008a600000, 0x0000000100000000)
  region size 1024K, 1 young (1024K), 1 survivors (1024K)
 Metaspace       used 8460K, committed 8704K, reserved 1114112K
  class space    used 932K, committed 1024K, reserved 1048576K
}

